INFO [2022-07-21 09:11:42 AM] (  on  sytem): GetProjectReportList was started
DEBUG [2022-07-21 09:11:42 AM] (  on  sytem): GetProjectReportList  Was successful
INFO [2022-07-21 09:11:42 AM] (  on  sytem): GetProjectReportList was started
DEBUG [2022-07-21 09:11:42 AM] (  on  sytem): GetProjectReportList  Was successful
INFO [2022-07-21 09:11:42 AM] (  on  sytem): GetProjectReportList was started
DEBUG [2022-07-21 09:11:42 AM] (  on  sytem): GetProjectReportList  Was successful
INFO [2022-07-21 09:11:42 AM] (  on  sytem): GetProjectReportList was started
DEBUG [2022-07-21 09:11:42 AM] (  on  sytem): GetProjectReportList  Was successful
INFO [2022-07-21 09:11:42 AM] (  on  sytem): GetProjectReportList was started
DEBUG [2022-07-21 09:11:42 AM] (  on  sytem): GetProjectReportList  Was successful
INFO [2022-07-21 09:11:42 AM] (  on  sytem): GetProjectReportList was started
DEBUG [2022-07-21 09:11:42 AM] (  on  sytem): GetProjectReportList  Was successful
INFO [2022-07-21 09:11:42 AM] (  on  sytem): GetProjectReportList was started
DEBUG [2022-07-21 09:11:42 AM] (  on  sytem): GetProjectReportList  Was successful
INFO [2022-07-21 09:11:42 AM] (  on  sytem): GetProjectReportList was started
DEBUG [2022-07-21 09:11:42 AM] (  on  sytem): GetProjectReportList  Was successful
INFO [2022-07-21 09:11:43 AM] (  on  sytem): GetProjectReportList was started
DEBUG [2022-07-21 09:11:43 AM] (  on  sytem): GetProjectReportList  Was successful
INFO [2022-07-21 09:11:44 AM] (  on  sytem): GetProjectReportList was started
DEBUG [2022-07-21 09:11:44 AM] (  on  sytem): GetProjectReportList  Was successful
INFO [2022-07-21 09:11:44 AM] (  on  sytem): GetProjectReportList was started
DEBUG [2022-07-21 09:11:44 AM] (  on  sytem): GetProjectReportList  Was successful
INFO [2022-07-21 09:11:44 AM] (  on  sytem): GetProjectReportList was started
DEBUG [2022-07-21 09:11:44 AM] (  on  sytem): GetProjectReportList  Was successful
INFO [2022-07-21 09:11:44 AM] (  on  sytem): GetProjectReportList was started
DEBUG [2022-07-21 09:11:44 AM] (  on  sytem): GetProjectReportList  Was successful
INFO [2022-07-21 09:11:44 AM] (  on  sytem): GetProjectReportList was started
DEBUG [2022-07-21 09:11:44 AM] (  on  sytem): GetProjectReportList  Was successful
INFO [2022-07-21 09:11:44 AM] (  on  sytem): GetProjectReportList was started
DEBUG [2022-07-21 09:11:44 AM] (  on  sytem): GetProjectReportList  Was successful
INFO [2022-07-21 09:11:46 AM] (  on  sytem): GetProjectReportList was started
DEBUG [2022-07-21 09:11:46 AM] (  on  sytem): GetProjectReportList  Was successful
INFO [2022-07-21 09:11:48 AM] (  on  sytem): GetProjectReportList was started
DEBUG [2022-07-21 09:11:48 AM] (  on  sytem): GetProjectReportList  Was successful
INFO [2022-07-21 09:11:50 AM] (  on  sytem): GetProjectsLists Was started
DEBUG [2022-07-21 09:11:50 AM] (  on  sytem): GetProjectsLists Was successful
INFO [2022-07-21 09:11:50 AM] (  on  sytem): GetProjectsLists Was started
DEBUG [2022-07-21 09:11:50 AM] (  on  sytem): GetProjectsLists Was successful
INFO [2022-07-21 09:11:51 AM] (  on  sytem): GetTasks  Was started
DEBUG [2022-07-21 09:11:51 AM] (  on  sytem): GetTasks  Was successful
INFO [2022-07-21 09:11:51 AM] (  on  sytem): GetTasks  Was started
DEBUG [2022-07-21 09:11:51 AM] (  on  sytem): GetTasks  Was successful
INFO [2022-07-21 09:11:54 AM] (  on  sytem): GetRoles api was started
DEBUG [2022-07-21 09:11:54 AM] (  on  sytem): GetRoles api  Was successful
INFO [2022-07-21 09:11:54 AM] (  on  sytem): GetEmployeesList was started
DEBUG [2022-07-21 09:11:54 AM] (  on  sytem): GetEmployeesList  Was successful
INFO [2022-07-21 09:11:54 AM] (  on  sytem): GetRoles api was started
DEBUG [2022-07-21 09:11:54 AM] (  on  sytem): GetRoles api  Was successful
INFO [2022-07-21 09:11:54 AM] (  on  sytem): GetEmployeesList was started
DEBUG [2022-07-21 09:11:54 AM] (  on  sytem): GetEmployeesList  Was successful
INFO [2022-07-21 09:11:54 AM] (  on  sytem): GetProjectsLists Was started
DEBUG [2022-07-21 09:11:54 AM] (  on  sytem): GetProjectsLists Was successful
INFO [2022-07-21 09:11:54 AM] (  on  sytem): GetProjectsLists Was started
DEBUG [2022-07-21 09:11:54 AM] (  on  sytem): GetProjectsLists Was successful
INFO [2022-07-21 09:11:58 AM] (  on  sytem): GetProjectReportList was started
DEBUG [2022-07-21 09:11:58 AM] (  on  sytem): GetProjectReportList  Was successful
INFO [2022-07-21 09:12:07 AM] (  on  sytem): GetProjectReportList was started
DEBUG [2022-07-21 09:12:07 AM] (  on  sytem): GetProjectReportList  Was successful
INFO [2022-07-21 09:12:08 AM] (  on  sytem): GetProjectReportList was started
DEBUG [2022-07-21 09:12:08 AM] (  on  sytem): GetProjectReportList  Was successful
INFO [2022-07-21 09:12:14 AM] (  on  sytem): GetProjectReportList was started
DEBUG [2022-07-21 09:12:14 AM] (  on  sytem): GetProjectReportList  Was successful
INFO [2022-07-21 09:12:14 AM] (  on  sytem): GetProjectReportList was started
DEBUG [2022-07-21 09:12:14 AM] (  on  sytem): GetProjectReportList  Was successful
INFO [2022-07-21 09:12:14 AM] (  on  sytem): GetProjectReportList was started
DEBUG [2022-07-21 09:12:14 AM] (  on  sytem): GetProjectReportList  Was successful
INFO [2022-07-21 09:12:15 AM] (  on  sytem): GetProjectReportList was started
DEBUG [2022-07-21 09:12:15 AM] (  on  sytem): GetProjectReportList  Was successful
INFO [2022-07-21 09:12:15 AM] (  on  sytem): GetProjectReportList was started
DEBUG [2022-07-21 09:12:15 AM] (  on  sytem): GetProjectReportList  Was successful
INFO [2022-07-21 09:12:15 AM] (  on  ssytem): GetProjectReportList was started
DEBUG [2022-07-21 09:12:15 AM] (  on  sytem): GetProjectReportList  Was successful
INFO [2022-07-21 09:12:15 AM] (  on  sytem): GetProjectReportList was started
DEBUG [2022-07-21 09:12:15 AM] (  on  sytem): GetProjectReportList  Was successful
INFO [2022-07-21 09:12:16 AM] (  on  sytem): GetProjectReportList was started
DEBUG [2022-07-21 09:12:16 AM] (  on  sytem): GetProjectReportList  Was successful
INFO [2022-07-21 09:12:16 AM] (  on  sytem): GetProjectReportList was started
DEBUG [2022-07-21 09:12:16 AM] (  on  sytem): GetProjectReportList  Was successful
INFO [2022-07-21 09:12:16 AM] (  on  sytem): GetProjectReportList was started
DEBUG [2022-07-21 09:12:16 AM] (  on  sytem): GetProjectReportList  Was successful
INFO [2022-07-21 09:12:16 AM] (  on  sytem): GetProjectReportList was started
DEBUG [2022-07-21 09:12:16 AM] (  on  sytem): GetProjectReportList  Was successful
INFO [2022-07-21 09:12:16 AM] (  on  sytem): GetProjectReportList was started
DEBUG [2022-07-21 09:12:16 AM] (  on  sytem): GetProjectReportList  Was successful
INFO [2022-07-21 09:12:27 AM] (  on  sytem): createproject Was started
DEBUG [2022-07-21 09:12:27 AM] (  on  sytem): createproject Was successful
INFO [2022-07-21 09:12:27 AM] (  on  sytem): GetProjectsLists Was started
DEBUG [2022-07-21 09:12:27 AM] (  on  sytem): GetProjectsLists Was successful
INFO [2022-07-21 09:14:41 AM] (  on  sytem): DeleteProject Was started
DEBUG [2022-07-21 09:14:41 AM] (  on  sytem): DeleteProject Was successful
INFO [2022-07-21 09:14:42 AM] (  on  sytem): GetProjectsLists Was started
DEBUG [2022-07-21 09:14:42 AM] (  on  sytem): GetProjectsLists Was successful
INFO [2022-07-21 09:14:49 AM] (  on  sytem): DeleteProject Was started
DEBUG [2022-07-21 09:14:49 AM] (  on  sytem): DeleteProject Was successful
INFO [2022-07-21 09:14:49 AM] (  on  sytem): GetProjectsLists Was started
DEBUG [2022-07-21 09:14:49 AM] (  on  sytem): GetProjectsLists Was successful
INFO [2022-07-21 09:14:55 AM] (  on  sytem): DeleteProject Was started
DEBUG [2022-07-21 09:14:55 AM] (  on  sytem): DeleteProject Was successful
INFO [2022-07-21 09:14:55 AM] (  on  sytem): GetProjectsLists Was started
DEBUG [2022-07-21 09:14:55 AM] (  on  sytem): GetProjectsLists Was successful
INFO [2022-07-21 09:14:59 AM] (  on  sytem): DeleteProject Was started
DEBUG [2022-07-21 09:14:59 AM] (  on  sytem): DeleteProject Was successful
INFO [2022-07-21 09:14:59 AM] (  on  sytem): GetProjectsLists Was started
DEBUG [2022-07-21 09:14:59 AM] (  on  sytem): GetProjectsLists Was successful
INFO [2022-07-21 09:15:03 AM] (  on  sytem): DeleteProject Was started
Error [2022-07-21 09:15:03 AM] (  on  sytem): DeleteProject Wasn't successful 
INFO [2022-07-21 09:15:03 AM] (  on  sytem): GetProjectsLists Was started
DEBUG [2022-07-21 09:15:03 AM] (  on  sytem): GetProjectsLists Was successful